2025-12-09 23:07:06.689: [INFO] VisibilityChanged: 0
2025-12-09 23:07:06.728: [INFO] RecordSyncInitDuration has_sync_been_enabled: 0 state: 0
2025-12-09 23:07:06.729: [INFO] RecordSyncInitDuration has_sync_been_enabled: 0 state: 0
2025-12-09 23:07:06.730: [INFO] RecordSyncInitDuration has_sync_been_enabled: 0 state: 0
2025-12-09 23:07:06.731: [INFO] RecordSyncInitDuration has_sync_been_enabled: 0 state: 0
2025-12-09 23:07:06.732: [INFO] RecordSyncInitDuration has_sync_been_enabled: 0 state: 0
2025-12-09 23:07:06.733: [INFO] RecordSyncInitDuration has_sync_been_enabled: 0 state: 0
2025-12-09 23:07:06.733: [INFO] RecordSyncInitDuration has_sync_been_enabled: 0 state: 0
2025-12-09 23:07:06.734: [INFO] RecordSyncInitDuration has_sync_been_enabled: 0 state: 0
2025-12-09 23:07:06.735: [INFO] RecordSyncInitDuration has_sync_been_enabled: 0 state: 0
2025-12-09 23:07:06.736: [INFO] RecordSyncInitDuration has_sync_been_enabled: 0 state: 0
2025-12-09 23:07:06.737: [INFO] RecordSyncInitDuration has_sync_been_enabled: 0 state: 0
2025-12-09 23:07:06.787: [INFO] BookmarkModelLoaded, ids_reassigned: 0
2025-12-09 23:07:06.787: [INFO] OnDoneLoading sync enabled: 0
2025-12-09 23:07:06.789: [INFO] RecordSyncInitDuration has_sync_been_enabled: 0 state: 0
2025-12-09 23:07:16.188: [INFO] BookmarkNodeAdded, ABU: 0
2025-12-09 23:07:16.188: [INFO] BookmarkNodeAdded, ABU: 0
2025-12-09 23:07:16.188: [INFO] BookmarkNodeAdded, ABU: 0
2025-12-09 23:35:56.795: [INFO] VisibilityChanged: 0
2025-12-09 23:35:56.849: [INFO] BookmarkModelLoaded, ids_reassigned: 0
2025-12-09 23:35:56.849: [INFO] OnDoneLoading sync enabled: 0
2025-12-09 23:35:56.849: [INFO] RecordSyncInitDuration has_sync_been_enabled: 0 state: 0
2025-12-09 23:42:32.146: [INFO] VisibilityChanged: 0
2025-12-09 23:42:32.197: [INFO] BookmarkModelLoaded, ids_reassigned: 0
2025-12-09 23:42:32.197: [INFO] OnDoneLoading sync enabled: 0
2025-12-09 23:42:32.197: [INFO] RecordSyncInitDuration has_sync_been_enabled: 0 state: 0
2025-12-09 23:47:42.852: [INFO] VisibilityChanged: 0
2025-12-09 23:47:42.893: [INFO] BookmarkModelLoaded, ids_reassigned: 0
2025-12-09 23:47:42.893: [INFO] OnDoneLoading sync enabled: 0
2025-12-09 23:47:42.894: [INFO] RecordSyncInitDuration has_sync_been_enabled: 0 state: 0
2025-12-09 23:55:10.725: [INFO] VisibilityChanged: 0
2025-12-09 23:55:10.764: [INFO] BookmarkModelLoaded, ids_reassigned: 0
2025-12-09 23:55:10.764: [INFO] OnDoneLoading sync enabled: 0
2025-12-09 23:55:10.770: [INFO] RecordSyncInitDuration has_sync_been_enabled: 0 state: 0
2025-12-10 00:01:06.977: [INFO] VisibilityChanged: 0
2025-12-10 00:01:07.041: [INFO] BookmarkModelLoaded, ids_reassigned: 0
2025-12-10 00:01:07.041: [INFO] OnDoneLoading sync enabled: 0
2025-12-10 00:01:07.047: [INFO] RecordSyncInitDuration has_sync_been_enabled: 0 state: 0
2025-12-10 00:08:50.076: [INFO] VisibilityChanged: 0
2025-12-10 00:08:50.121: [INFO] BookmarkModelLoaded, ids_reassigned: 0
2025-12-10 00:08:50.121: [INFO] OnDoneLoading sync enabled: 0
2025-12-10 00:08:50.126: [INFO] RecordSyncInitDuration has_sync_been_enabled: 0 state: 0
2025-12-10 00:13:20.845: [INFO] VisibilityChanged: 0
2025-12-10 00:13:20.891: [INFO] BookmarkModelLoaded, ids_reassigned: 0
2025-12-10 00:13:20.891: [INFO] OnDoneLoading sync enabled: 0
2025-12-10 00:13:20.892: [INFO] RecordSyncInitDuration has_sync_been_enabled: 0 state: 0
2025-12-10 00:21:49.245: [INFO] VisibilityChanged: 0
2025-12-10 00:21:49.302: [INFO] BookmarkModelLoaded, ids_reassigned: 0
2025-12-10 00:21:49.302: [INFO] OnDoneLoading sync enabled: 0
2025-12-10 00:21:49.306: [INFO] RecordSyncInitDuration has_sync_been_enabled: 0 state: 0
2025-12-10 00:27:25.598: [INFO] VisibilityChanged: 0
2025-12-10 00:27:25.649: [INFO] BookmarkModelLoaded, ids_reassigned: 0
2025-12-10 00:27:25.649: [INFO] OnDoneLoading sync enabled: 0
2025-12-10 00:27:25.650: [INFO] RecordSyncInitDuration has_sync_been_enabled: 0 state: 0
2025-12-10 00:42:01.792: [INFO] VisibilityChanged: 0
2025-12-10 00:42:01.847: [INFO] BookmarkModelLoaded, ids_reassigned: 0
2025-12-10 00:42:01.847: [INFO] OnDoneLoading sync enabled: 0
2025-12-10 00:42:01.848: [INFO] RecordSyncInitDuration has_sync_been_enabled: 0 state: 0
2025-12-10 00:45:00.353: [INFO] VisibilityChanged: 0
2025-12-10 00:45:00.411: [INFO] BookmarkModelLoaded, ids_reassigned: 0
2025-12-10 00:45:00.411: [INFO] OnDoneLoading sync enabled: 0
2025-12-10 00:45:00.416: [INFO] RecordSyncInitDuration has_sync_been_enabled: 0 state: 0
2025-12-10 01:03:59.685: [INFO] VisibilityChanged: 0
2025-12-10 01:03:59.731: [INFO] BookmarkModelLoaded, ids_reassigned: 0
2025-12-10 01:03:59.731: [INFO] OnDoneLoading sync enabled: 0
2025-12-10 01:03:59.732: [INFO] RecordSyncInitDuration has_sync_been_enabled: 0 state: 0
2025-12-10 01:06:05.607: [INFO] VisibilityChanged: 0
2025-12-10 01:06:05.656: [INFO] BookmarkModelLoaded, ids_reassigned: 0
2025-12-10 01:06:05.656: [INFO] OnDoneLoading sync enabled: 0
2025-12-10 01:06:05.658: [INFO] RecordSyncInitDuration has_sync_been_enabled: 0 state: 0
2025-12-10 01:08:09.525: [INFO] VisibilityChanged: 0
2025-12-10 01:08:09.572: [INFO] BookmarkModelLoaded, ids_reassigned: 0
2025-12-10 01:08:09.572: [INFO] OnDoneLoading sync enabled: 0
2025-12-10 01:08:09.572: [INFO] RecordSyncInitDuration has_sync_been_enabled: 0 state: 0
2025-12-10 01:17:46.290: [INFO] VisibilityChanged: 0
2025-12-10 01:17:46.338: [INFO] BookmarkModelLoaded, ids_reassigned: 0
2025-12-10 01:17:46.338: [INFO] OnDoneLoading sync enabled: 0
2025-12-10 01:17:46.339: [INFO] RecordSyncInitDuration has_sync_been_enabled: 0 state: 0
2025-12-10 01:22:43.435: [INFO] VisibilityChanged: 0
2025-12-10 01:22:43.482: [INFO] BookmarkModelLoaded, ids_reassigned: 0
2025-12-10 01:22:43.482: [INFO] OnDoneLoading sync enabled: 0
2025-12-10 01:22:43.483: [INFO] RecordSyncInitDuration has_sync_been_enabled: 0 state: 0
