2025-12-09 23:07:06.483: [INFO][Sync] Reset engine, reason: 8
2025-12-09 23:07:06.483: [INFO][Sync] Stopped: Bookmarks
2025-12-09 23:07:06.483: [INFO][Sync] Stopped: Preferences
2025-12-09 23:07:06.483: [INFO][Sync] Stopped: Passwords
2025-12-09 23:07:06.483: [INFO][Sync] Stopped: Autofill Profiles
2025-12-09 23:07:06.483: [INFO][Sync] Stopped: Autofill
2025-12-09 23:07:06.483: [INFO][Sync] Stopped: Extensions
2025-12-09 23:07:06.483: [INFO][Sync] Stopped: Sessions
2025-12-09 23:07:06.483: [INFO][Sync] Stopped: Extension settings
2025-12-09 23:07:06.483: [INFO][Sync] Stopped: History Delete Directives
2025-12-09 23:07:06.483: [INFO][Sync] Stopped: Device Info
2025-12-09 23:07:06.483: [INFO][Sync] Stopped: User Consents
2025-12-09 23:07:06.483: [INFO][Sync] Stopped: Send Tab To Self
2025-12-09 23:07:06.483: [INFO][Sync] Stopped: Web Apps
2025-12-09 23:07:06.483: [INFO][Sync] Stopped: History
2025-12-09 23:07:06.483: [INFO][Sync] Stopped: Saved Tab Group
2025-12-09 23:07:06.483: [INFO][Sync] Stopped: WebAuthn Credentials
2025-12-09 23:07:06.483: [INFO][Sync] Stopped: Collection
2025-12-09 23:07:06.483: [INFO][Sync] Stopped: Edge E Drop
2025-12-09 23:07:06.483: [INFO][Sync] Stopped: Edge Hub App Usage
2025-12-09 23:07:06.483: [INFO][Sync] Stopped: Edge Wallet
2025-12-09 23:07:06.484: [INFO][Sync] SyncState after authenticated was: NotSignedIn
2025-12-09 23:07:06.788: [INFO][Sync] Reset engine, reason: 8
2025-12-09 23:07:06.788: [INFO][Sync] Stopped: Bookmarks
2025-12-09 23:07:06.788: [INFO][Sync] Stopped: Preferences
2025-12-09 23:07:06.788: [INFO][Sync] Stopped: Passwords
2025-12-09 23:07:06.788: [INFO][Sync] Stopped: Autofill Profiles
2025-12-09 23:07:06.788: [INFO][Sync] Stopped: Autofill
2025-12-09 23:07:06.788: [INFO][Sync] Stopped: Extensions
2025-12-09 23:07:06.788: [INFO][Sync] Stopped: Sessions
2025-12-09 23:07:06.788: [INFO][Sync] Stopped: Extension settings
2025-12-09 23:07:06.788: [INFO][Sync] Stopped: History Delete Directives
2025-12-09 23:07:06.788: [INFO][Sync] Stopped: Device Info
2025-12-09 23:07:06.788: [INFO][Sync] Stopped: User Consents
2025-12-09 23:07:06.788: [INFO][Sync] Stopped: Send Tab To Self
2025-12-09 23:07:06.788: [INFO][Sync] Stopped: Web Apps
2025-12-09 23:07:06.788: [INFO][Sync] Stopped: History
2025-12-09 23:07:06.788: [INFO][Sync] Stopped: Saved Tab Group
2025-12-09 23:07:06.788: [INFO][Sync] Stopped: WebAuthn Credentials
2025-12-09 23:07:06.788: [INFO][Sync] Stopped: Collection
2025-12-09 23:07:06.788: [INFO][Sync] Stopped: Edge E Drop
2025-12-09 23:07:06.788: [INFO][Sync] Stopped: Edge Hub App Usage
2025-12-09 23:07:06.788: [INFO][Sync] Stopped: Edge Wallet
2025-12-09 23:22:20.361: [INFO][Sync] Reset engine, reason: 0
2025-12-09 23:35:56.627: [INFO][Sync] Reset engine, reason: 8
2025-12-09 23:35:56.627: [INFO][Sync] Stopped: Bookmarks
2025-12-09 23:35:56.627: [INFO][Sync] Stopped: Preferences
2025-12-09 23:35:56.627: [INFO][Sync] Stopped: Passwords
2025-12-09 23:35:56.627: [INFO][Sync] Stopped: Autofill Profiles
2025-12-09 23:35:56.627: [INFO][Sync] Stopped: Autofill
2025-12-09 23:35:56.627: [INFO][Sync] Stopped: Extensions
2025-12-09 23:35:56.627: [INFO][Sync] Stopped: Sessions
2025-12-09 23:35:56.627: [INFO][Sync] Stopped: Extension settings
2025-12-09 23:35:56.627: [INFO][Sync] Stopped: History Delete Directives
2025-12-09 23:35:56.627: [INFO][Sync] Stopped: Device Info
2025-12-09 23:35:56.627: [INFO][Sync] Stopped: User Consents
2025-12-09 23:35:56.627: [INFO][Sync] Stopped: Send Tab To Self
2025-12-09 23:35:56.627: [INFO][Sync] Stopped: Web Apps
2025-12-09 23:35:56.627: [INFO][Sync] Stopped: History
2025-12-09 23:35:56.627: [INFO][Sync] Stopped: Saved Tab Group
2025-12-09 23:35:56.627: [INFO][Sync] Stopped: WebAuthn Credentials
2025-12-09 23:35:56.627: [INFO][Sync] Stopped: Collection
2025-12-09 23:35:56.627: [INFO][Sync] Stopped: Edge E Drop
2025-12-09 23:35:56.627: [INFO][Sync] Stopped: Edge Hub App Usage
2025-12-09 23:35:56.627: [INFO][Sync] Stopped: Edge Wallet
2025-12-09 23:35:56.628: [INFO][Sync] SyncState after authenticated was: NotSignedIn
2025-12-09 23:35:56.849: [INFO][Sync] Reset engine, reason: 8
2025-12-09 23:35:56.849: [INFO][Sync] Stopped: Bookmarks
2025-12-09 23:35:56.849: [INFO][Sync] Stopped: Preferences
2025-12-09 23:35:56.849: [INFO][Sync] Stopped: Passwords
2025-12-09 23:35:56.849: [INFO][Sync] Stopped: Autofill Profiles
2025-12-09 23:35:56.849: [INFO][Sync] Stopped: Autofill
2025-12-09 23:35:56.849: [INFO][Sync] Stopped: Extensions
2025-12-09 23:35:56.849: [INFO][Sync] Stopped: Sessions
2025-12-09 23:35:56.849: [INFO][Sync] Stopped: Extension settings
2025-12-09 23:35:56.849: [INFO][Sync] Stopped: History Delete Directives
2025-12-09 23:35:56.849: [INFO][Sync] Stopped: Device Info
2025-12-09 23:35:56.849: [INFO][Sync] Stopped: User Consents
2025-12-09 23:35:56.849: [INFO][Sync] Stopped: Send Tab To Self
2025-12-09 23:35:56.849: [INFO][Sync] Stopped: Web Apps
2025-12-09 23:35:56.849: [INFO][Sync] Stopped: History
2025-12-09 23:35:56.849: [INFO][Sync] Stopped: Saved Tab Group
2025-12-09 23:35:56.849: [INFO][Sync] Stopped: WebAuthn Credentials
2025-12-09 23:35:56.849: [INFO][Sync] Stopped: Collection
2025-12-09 23:35:56.849: [INFO][Sync] Stopped: Edge E Drop
2025-12-09 23:35:56.849: [INFO][Sync] Stopped: Edge Hub App Usage
2025-12-09 23:35:56.849: [INFO][Sync] Stopped: Edge Wallet
2025-12-09 23:36:50.324: [INFO][Sync] Reset engine, reason: 0
2025-12-09 23:42:31.997: [INFO][Sync] Reset engine, reason: 8
2025-12-09 23:42:31.997: [INFO][Sync] Stopped: Bookmarks
2025-12-09 23:42:31.997: [INFO][Sync] Stopped: Preferences
2025-12-09 23:42:31.997: [INFO][Sync] Stopped: Passwords
2025-12-09 23:42:31.997: [INFO][Sync] Stopped: Autofill Profiles
2025-12-09 23:42:31.997: [INFO][Sync] Stopped: Autofill
2025-12-09 23:42:31.997: [INFO][Sync] Stopped: Extensions
2025-12-09 23:42:31.997: [INFO][Sync] Stopped: Sessions
2025-12-09 23:42:31.997: [INFO][Sync] Stopped: Extension settings
2025-12-09 23:42:31.997: [INFO][Sync] Stopped: History Delete Directives
2025-12-09 23:42:31.997: [INFO][Sync] Stopped: Device Info
2025-12-09 23:42:31.997: [INFO][Sync] Stopped: User Consents
2025-12-09 23:42:31.997: [INFO][Sync] Stopped: Send Tab To Self
2025-12-09 23:42:31.997: [INFO][Sync] Stopped: Web Apps
2025-12-09 23:42:31.997: [INFO][Sync] Stopped: History
2025-12-09 23:42:31.997: [INFO][Sync] Stopped: Saved Tab Group
2025-12-09 23:42:31.997: [INFO][Sync] Stopped: WebAuthn Credentials
2025-12-09 23:42:31.997: [INFO][Sync] Stopped: Collection
2025-12-09 23:42:31.997: [INFO][Sync] Stopped: Edge E Drop
2025-12-09 23:42:31.997: [INFO][Sync] Stopped: Edge Hub App Usage
2025-12-09 23:42:31.997: [INFO][Sync] Stopped: Edge Wallet
2025-12-09 23:42:31.997: [INFO][Sync] SyncState after authenticated was: NotSignedIn
2025-12-09 23:42:32.197: [INFO][Sync] Reset engine, reason: 8
2025-12-09 23:42:32.197: [INFO][Sync] Stopped: Bookmarks
2025-12-09 23:42:32.197: [INFO][Sync] Stopped: Preferences
2025-12-09 23:42:32.197: [INFO][Sync] Stopped: Passwords
2025-12-09 23:42:32.197: [INFO][Sync] Stopped: Autofill Profiles
2025-12-09 23:42:32.197: [INFO][Sync] Stopped: Autofill
2025-12-09 23:42:32.197: [INFO][Sync] Stopped: Extensions
2025-12-09 23:42:32.197: [INFO][Sync] Stopped: Sessions
2025-12-09 23:42:32.197: [INFO][Sync] Stopped: Extension settings
2025-12-09 23:42:32.197: [INFO][Sync] Stopped: History Delete Directives
2025-12-09 23:42:32.197: [INFO][Sync] Stopped: Device Info
2025-12-09 23:42:32.197: [INFO][Sync] Stopped: User Consents
2025-12-09 23:42:32.197: [INFO][Sync] Stopped: Send Tab To Self
2025-12-09 23:42:32.197: [INFO][Sync] Stopped: Web Apps
2025-12-09 23:42:32.197: [INFO][Sync] Stopped: History
2025-12-09 23:42:32.197: [INFO][Sync] Stopped: Saved Tab Group
2025-12-09 23:42:32.197: [INFO][Sync] Stopped: WebAuthn Credentials
2025-12-09 23:42:32.197: [INFO][Sync] Stopped: Collection
2025-12-09 23:42:32.197: [INFO][Sync] Stopped: Edge E Drop
2025-12-09 23:42:32.197: [INFO][Sync] Stopped: Edge Hub App Usage
2025-12-09 23:42:32.197: [INFO][Sync] Stopped: Edge Wallet
2025-12-09 23:46:22.535: [INFO][Sync] Reset engine, reason: 0
2025-12-09 23:47:42.672: [INFO][Sync] Reset engine, reason: 8
2025-12-09 23:47:42.672: [INFO][Sync] Stopped: Bookmarks
2025-12-09 23:47:42.672: [INFO][Sync] Stopped: Preferences
2025-12-09 23:47:42.672: [INFO][Sync] Stopped: Passwords
2025-12-09 23:47:42.672: [INFO][Sync] Stopped: Autofill Profiles
2025-12-09 23:47:42.672: [INFO][Sync] Stopped: Autofill
2025-12-09 23:47:42.672: [INFO][Sync] Stopped: Extensions
2025-12-09 23:47:42.672: [INFO][Sync] Stopped: Sessions
2025-12-09 23:47:42.672: [INFO][Sync] Stopped: Extension settings
2025-12-09 23:47:42.672: [INFO][Sync] Stopped: History Delete Directives
2025-12-09 23:47:42.672: [INFO][Sync] Stopped: Device Info
2025-12-09 23:47:42.672: [INFO][Sync] Stopped: User Consents
2025-12-09 23:47:42.672: [INFO][Sync] Stopped: Send Tab To Self
2025-12-09 23:47:42.672: [INFO][Sync] Stopped: Web Apps
2025-12-09 23:47:42.672: [INFO][Sync] Stopped: History
2025-12-09 23:47:42.672: [INFO][Sync] Stopped: Saved Tab Group
2025-12-09 23:47:42.672: [INFO][Sync] Stopped: WebAuthn Credentials
2025-12-09 23:47:42.672: [INFO][Sync] Stopped: Collection
2025-12-09 23:47:42.672: [INFO][Sync] Stopped: Edge E Drop
2025-12-09 23:47:42.672: [INFO][Sync] Stopped: Edge Hub App Usage
2025-12-09 23:47:42.672: [INFO][Sync] Stopped: Edge Wallet
2025-12-09 23:47:42.672: [INFO][Sync] SyncState after authenticated was: NotSignedIn
2025-12-09 23:47:42.894: [INFO][Sync] Reset engine, reason: 8
2025-12-09 23:47:42.894: [INFO][Sync] Stopped: Bookmarks
2025-12-09 23:47:42.894: [INFO][Sync] Stopped: Preferences
2025-12-09 23:47:42.894: [INFO][Sync] Stopped: Passwords
2025-12-09 23:47:42.894: [INFO][Sync] Stopped: Autofill Profiles
2025-12-09 23:47:42.894: [INFO][Sync] Stopped: Autofill
2025-12-09 23:47:42.894: [INFO][Sync] Stopped: Extensions
2025-12-09 23:47:42.894: [INFO][Sync] Stopped: Sessions
2025-12-09 23:47:42.894: [INFO][Sync] Stopped: Extension settings
2025-12-09 23:47:42.894: [INFO][Sync] Stopped: History Delete Directives
2025-12-09 23:47:42.894: [INFO][Sync] Stopped: Device Info
2025-12-09 23:47:42.894: [INFO][Sync] Stopped: User Consents
2025-12-09 23:47:42.894: [INFO][Sync] Stopped: Send Tab To Self
2025-12-09 23:47:42.894: [INFO][Sync] Stopped: Web Apps
2025-12-09 23:47:42.894: [INFO][Sync] Stopped: History
2025-12-09 23:47:42.894: [INFO][Sync] Stopped: Saved Tab Group
2025-12-09 23:47:42.894: [INFO][Sync] Stopped: WebAuthn Credentials
2025-12-09 23:47:42.894: [INFO][Sync] Stopped: Collection
2025-12-09 23:47:42.894: [INFO][Sync] Stopped: Edge E Drop
2025-12-09 23:47:42.894: [INFO][Sync] Stopped: Edge Hub App Usage
2025-12-09 23:47:42.894: [INFO][Sync] Stopped: Edge Wallet
2025-12-09 23:51:32.279: [INFO][Sync] Reset engine, reason: 0
2025-12-09 23:55:10.111: [INFO][Sync] Reset engine, reason: 8
2025-12-09 23:55:10.112: [INFO][Sync] Stopped: Bookmarks
2025-12-09 23:55:10.112: [INFO][Sync] Stopped: Preferences
2025-12-09 23:55:10.112: [INFO][Sync] Stopped: Passwords
2025-12-09 23:55:10.112: [INFO][Sync] Stopped: Autofill Profiles
2025-12-09 23:55:10.112: [INFO][Sync] Stopped: Autofill
2025-12-09 23:55:10.112: [INFO][Sync] Stopped: Extensions
2025-12-09 23:55:10.112: [INFO][Sync] Stopped: Sessions
2025-12-09 23:55:10.112: [INFO][Sync] Stopped: Extension settings
2025-12-09 23:55:10.112: [INFO][Sync] Stopped: History Delete Directives
2025-12-09 23:55:10.112: [INFO][Sync] Stopped: Device Info
2025-12-09 23:55:10.112: [INFO][Sync] Stopped: User Consents
2025-12-09 23:55:10.112: [INFO][Sync] Stopped: Send Tab To Self
2025-12-09 23:55:10.112: [INFO][Sync] Stopped: Web Apps
2025-12-09 23:55:10.112: [INFO][Sync] Stopped: History
2025-12-09 23:55:10.112: [INFO][Sync] Stopped: Saved Tab Group
2025-12-09 23:55:10.112: [INFO][Sync] Stopped: WebAuthn Credentials
2025-12-09 23:55:10.112: [INFO][Sync] Stopped: Collection
2025-12-09 23:55:10.112: [INFO][Sync] Stopped: Edge E Drop
2025-12-09 23:55:10.112: [INFO][Sync] Stopped: Edge Hub App Usage
2025-12-09 23:55:10.112: [INFO][Sync] Stopped: Edge Wallet
2025-12-09 23:55:10.113: [INFO][Sync] SyncState after authenticated was: NotSignedIn
2025-12-09 23:55:10.770: [INFO][Sync] Reset engine, reason: 8
2025-12-09 23:55:10.770: [INFO][Sync] Stopped: Bookmarks
2025-12-09 23:55:10.770: [INFO][Sync] Stopped: Preferences
2025-12-09 23:55:10.770: [INFO][Sync] Stopped: Passwords
2025-12-09 23:55:10.770: [INFO][Sync] Stopped: Autofill Profiles
2025-12-09 23:55:10.770: [INFO][Sync] Stopped: Autofill
2025-12-09 23:55:10.770: [INFO][Sync] Stopped: Extensions
2025-12-09 23:55:10.770: [INFO][Sync] Stopped: Sessions
2025-12-09 23:55:10.770: [INFO][Sync] Stopped: Extension settings
2025-12-09 23:55:10.770: [INFO][Sync] Stopped: History Delete Directives
2025-12-09 23:55:10.770: [INFO][Sync] Stopped: Device Info
2025-12-09 23:55:10.770: [INFO][Sync] Stopped: User Consents
2025-12-09 23:55:10.770: [INFO][Sync] Stopped: Send Tab To Self
2025-12-09 23:55:10.770: [INFO][Sync] Stopped: Web Apps
2025-12-09 23:55:10.770: [INFO][Sync] Stopped: History
2025-12-09 23:55:10.770: [INFO][Sync] Stopped: Saved Tab Group
2025-12-09 23:55:10.770: [INFO][Sync] Stopped: WebAuthn Credentials
2025-12-09 23:55:10.770: [INFO][Sync] Stopped: Collection
2025-12-09 23:55:10.770: [INFO][Sync] Stopped: Edge E Drop
2025-12-09 23:55:10.770: [INFO][Sync] Stopped: Edge Hub App Usage
2025-12-09 23:55:10.770: [INFO][Sync] Stopped: Edge Wallet
2025-12-09 23:59:37.841: [INFO][Sync] Reset engine, reason: 0
2025-12-10 00:01:06.795: [INFO][Sync] Reset engine, reason: 8
2025-12-10 00:01:06.795: [INFO][Sync] Stopped: Bookmarks
2025-12-10 00:01:06.795: [INFO][Sync] Stopped: Preferences
2025-12-10 00:01:06.795: [INFO][Sync] Stopped: Passwords
2025-12-10 00:01:06.795: [INFO][Sync] Stopped: Autofill Profiles
2025-12-10 00:01:06.795: [INFO][Sync] Stopped: Autofill
2025-12-10 00:01:06.795: [INFO][Sync] Stopped: Extensions
2025-12-10 00:01:06.795: [INFO][Sync] Stopped: Sessions
2025-12-10 00:01:06.795: [INFO][Sync] Stopped: Extension settings
2025-12-10 00:01:06.795: [INFO][Sync] Stopped: History Delete Directives
2025-12-10 00:01:06.795: [INFO][Sync] Stopped: Device Info
2025-12-10 00:01:06.795: [INFO][Sync] Stopped: User Consents
2025-12-10 00:01:06.795: [INFO][Sync] Stopped: Send Tab To Self
2025-12-10 00:01:06.795: [INFO][Sync] Stopped: Web Apps
2025-12-10 00:01:06.795: [INFO][Sync] Stopped: History
2025-12-10 00:01:06.795: [INFO][Sync] Stopped: Saved Tab Group
2025-12-10 00:01:06.795: [INFO][Sync] Stopped: WebAuthn Credentials
2025-12-10 00:01:06.795: [INFO][Sync] Stopped: Collection
2025-12-10 00:01:06.795: [INFO][Sync] Stopped: Edge E Drop
2025-12-10 00:01:06.795: [INFO][Sync] Stopped: Edge Hub App Usage
2025-12-10 00:01:06.795: [INFO][Sync] Stopped: Edge Wallet
2025-12-10 00:01:06.795: [INFO][Sync] SyncState after authenticated was: NotSignedIn
2025-12-10 00:01:07.046: [INFO][Sync] Reset engine, reason: 8
2025-12-10 00:01:07.046: [INFO][Sync] Stopped: Bookmarks
2025-12-10 00:01:07.046: [INFO][Sync] Stopped: Preferences
2025-12-10 00:01:07.046: [INFO][Sync] Stopped: Passwords
2025-12-10 00:01:07.046: [INFO][Sync] Stopped: Autofill Profiles
2025-12-10 00:01:07.046: [INFO][Sync] Stopped: Autofill
2025-12-10 00:01:07.046: [INFO][Sync] Stopped: Extensions
2025-12-10 00:01:07.046: [INFO][Sync] Stopped: Sessions
2025-12-10 00:01:07.046: [INFO][Sync] Stopped: Extension settings
2025-12-10 00:01:07.046: [INFO][Sync] Stopped: History Delete Directives
2025-12-10 00:01:07.046: [INFO][Sync] Stopped: Device Info
2025-12-10 00:01:07.046: [INFO][Sync] Stopped: User Consents
2025-12-10 00:01:07.046: [INFO][Sync] Stopped: Send Tab To Self
2025-12-10 00:01:07.046: [INFO][Sync] Stopped: Web Apps
2025-12-10 00:01:07.046: [INFO][Sync] Stopped: History
2025-12-10 00:01:07.046: [INFO][Sync] Stopped: Saved Tab Group
2025-12-10 00:01:07.046: [INFO][Sync] Stopped: WebAuthn Credentials
2025-12-10 00:01:07.046: [INFO][Sync] Stopped: Collection
2025-12-10 00:01:07.046: [INFO][Sync] Stopped: Edge E Drop
2025-12-10 00:01:07.046: [INFO][Sync] Stopped: Edge Hub App Usage
2025-12-10 00:01:07.046: [INFO][Sync] Stopped: Edge Wallet
2025-12-10 00:08:18.917: [INFO][Sync] Reset engine, reason: 0
2025-12-10 00:08:49.913: [INFO][Sync] Reset engine, reason: 8
2025-12-10 00:08:49.913: [INFO][Sync] Stopped: Bookmarks
2025-12-10 00:08:49.913: [INFO][Sync] Stopped: Preferences
2025-12-10 00:08:49.913: [INFO][Sync] Stopped: Passwords
2025-12-10 00:08:49.913: [INFO][Sync] Stopped: Autofill Profiles
2025-12-10 00:08:49.913: [INFO][Sync] Stopped: Autofill
2025-12-10 00:08:49.913: [INFO][Sync] Stopped: Extensions
2025-12-10 00:08:49.913: [INFO][Sync] Stopped: Sessions
2025-12-10 00:08:49.913: [INFO][Sync] Stopped: Extension settings
2025-12-10 00:08:49.913: [INFO][Sync] Stopped: History Delete Directives
2025-12-10 00:08:49.913: [INFO][Sync] Stopped: Device Info
2025-12-10 00:08:49.913: [INFO][Sync] Stopped: User Consents
2025-12-10 00:08:49.913: [INFO][Sync] Stopped: Send Tab To Self
2025-12-10 00:08:49.913: [INFO][Sync] Stopped: Web Apps
2025-12-10 00:08:49.913: [INFO][Sync] Stopped: History
2025-12-10 00:08:49.913: [INFO][Sync] Stopped: Saved Tab Group
2025-12-10 00:08:49.913: [INFO][Sync] Stopped: WebAuthn Credentials
2025-12-10 00:08:49.913: [INFO][Sync] Stopped: Collection
2025-12-10 00:08:49.913: [INFO][Sync] Stopped: Edge E Drop
2025-12-10 00:08:49.913: [INFO][Sync] Stopped: Edge Hub App Usage
2025-12-10 00:08:49.913: [INFO][Sync] Stopped: Edge Wallet
2025-12-10 00:08:49.913: [INFO][Sync] SyncState after authenticated was: NotSignedIn
2025-12-10 00:08:50.126: [INFO][Sync] Reset engine, reason: 8
2025-12-10 00:08:50.126: [INFO][Sync] Stopped: Bookmarks
2025-12-10 00:08:50.126: [INFO][Sync] Stopped: Preferences
2025-12-10 00:08:50.126: [INFO][Sync] Stopped: Passwords
2025-12-10 00:08:50.126: [INFO][Sync] Stopped: Autofill Profiles
2025-12-10 00:08:50.126: [INFO][Sync] Stopped: Autofill
2025-12-10 00:08:50.126: [INFO][Sync] Stopped: Extensions
2025-12-10 00:08:50.126: [INFO][Sync] Stopped: Sessions
2025-12-10 00:08:50.126: [INFO][Sync] Stopped: Extension settings
2025-12-10 00:08:50.126: [INFO][Sync] Stopped: History Delete Directives
2025-12-10 00:08:50.126: [INFO][Sync] Stopped: Device Info
2025-12-10 00:08:50.126: [INFO][Sync] Stopped: User Consents
2025-12-10 00:08:50.126: [INFO][Sync] Stopped: Send Tab To Self
2025-12-10 00:08:50.126: [INFO][Sync] Stopped: Web Apps
2025-12-10 00:08:50.126: [INFO][Sync] Stopped: History
2025-12-10 00:08:50.126: [INFO][Sync] Stopped: Saved Tab Group
2025-12-10 00:08:50.126: [INFO][Sync] Stopped: WebAuthn Credentials
2025-12-10 00:08:50.126: [INFO][Sync] Stopped: Collection
2025-12-10 00:08:50.126: [INFO][Sync] Stopped: Edge E Drop
2025-12-10 00:08:50.126: [INFO][Sync] Stopped: Edge Hub App Usage
2025-12-10 00:08:50.126: [INFO][Sync] Stopped: Edge Wallet
2025-12-10 00:12:49.635: [INFO][Sync] Reset engine, reason: 0
2025-12-10 00:13:20.593: [INFO][Sync] Reset engine, reason: 8
2025-12-10 00:13:20.593: [INFO][Sync] Stopped: Bookmarks
2025-12-10 00:13:20.593: [INFO][Sync] Stopped: Preferences
2025-12-10 00:13:20.593: [INFO][Sync] Stopped: Passwords
2025-12-10 00:13:20.593: [INFO][Sync] Stopped: Autofill Profiles
2025-12-10 00:13:20.593: [INFO][Sync] Stopped: Autofill
2025-12-10 00:13:20.593: [INFO][Sync] Stopped: Extensions
2025-12-10 00:13:20.593: [INFO][Sync] Stopped: Sessions
2025-12-10 00:13:20.593: [INFO][Sync] Stopped: Extension settings
2025-12-10 00:13:20.593: [INFO][Sync] Stopped: History Delete Directives
2025-12-10 00:13:20.593: [INFO][Sync] Stopped: Device Info
2025-12-10 00:13:20.593: [INFO][Sync] Stopped: User Consents
2025-12-10 00:13:20.593: [INFO][Sync] Stopped: Send Tab To Self
2025-12-10 00:13:20.593: [INFO][Sync] Stopped: Web Apps
2025-12-10 00:13:20.593: [INFO][Sync] Stopped: History
2025-12-10 00:13:20.593: [INFO][Sync] Stopped: Saved Tab Group
2025-12-10 00:13:20.593: [INFO][Sync] Stopped: WebAuthn Credentials
2025-12-10 00:13:20.593: [INFO][Sync] Stopped: Collection
2025-12-10 00:13:20.593: [INFO][Sync] Stopped: Edge E Drop
2025-12-10 00:13:20.593: [INFO][Sync] Stopped: Edge Hub App Usage
2025-12-10 00:13:20.593: [INFO][Sync] Stopped: Edge Wallet
2025-12-10 00:13:20.593: [INFO][Sync] SyncState after authenticated was: NotSignedIn
2025-12-10 00:13:20.891: [INFO][Sync] Reset engine, reason: 8
2025-12-10 00:13:20.891: [INFO][Sync] Stopped: Bookmarks
2025-12-10 00:13:20.891: [INFO][Sync] Stopped: Preferences
2025-12-10 00:13:20.891: [INFO][Sync] Stopped: Passwords
2025-12-10 00:13:20.891: [INFO][Sync] Stopped: Autofill Profiles
2025-12-10 00:13:20.891: [INFO][Sync] Stopped: Autofill
2025-12-10 00:13:20.891: [INFO][Sync] Stopped: Extensions
2025-12-10 00:13:20.891: [INFO][Sync] Stopped: Sessions
2025-12-10 00:13:20.891: [INFO][Sync] Stopped: Extension settings
2025-12-10 00:13:20.891: [INFO][Sync] Stopped: History Delete Directives
2025-12-10 00:13:20.891: [INFO][Sync] Stopped: Device Info
2025-12-10 00:13:20.891: [INFO][Sync] Stopped: User Consents
2025-12-10 00:13:20.891: [INFO][Sync] Stopped: Send Tab To Self
2025-12-10 00:13:20.891: [INFO][Sync] Stopped: Web Apps
2025-12-10 00:13:20.891: [INFO][Sync] Stopped: History
2025-12-10 00:13:20.891: [INFO][Sync] Stopped: Saved Tab Group
2025-12-10 00:13:20.891: [INFO][Sync] Stopped: WebAuthn Credentials
2025-12-10 00:13:20.891: [INFO][Sync] Stopped: Collection
2025-12-10 00:13:20.891: [INFO][Sync] Stopped: Edge E Drop
2025-12-10 00:13:20.891: [INFO][Sync] Stopped: Edge Hub App Usage
2025-12-10 00:13:20.891: [INFO][Sync] Stopped: Edge Wallet
2025-12-10 00:21:14.305: [INFO][Sync] Reset engine, reason: 0
2025-12-10 00:21:48.885: [INFO][Sync] Reset engine, reason: 8
2025-12-10 00:21:48.885: [INFO][Sync] Stopped: Bookmarks
2025-12-10 00:21:48.885: [INFO][Sync] Stopped: Preferences
2025-12-10 00:21:48.885: [INFO][Sync] Stopped: Passwords
2025-12-10 00:21:48.885: [INFO][Sync] Stopped: Autofill Profiles
2025-12-10 00:21:48.885: [INFO][Sync] Stopped: Autofill
2025-12-10 00:21:48.885: [INFO][Sync] Stopped: Extensions
2025-12-10 00:21:48.885: [INFO][Sync] Stopped: Sessions
2025-12-10 00:21:48.885: [INFO][Sync] Stopped: Extension settings
2025-12-10 00:21:48.885: [INFO][Sync] Stopped: History Delete Directives
2025-12-10 00:21:48.885: [INFO][Sync] Stopped: Device Info
2025-12-10 00:21:48.885: [INFO][Sync] Stopped: User Consents
2025-12-10 00:21:48.885: [INFO][Sync] Stopped: Send Tab To Self
2025-12-10 00:21:48.885: [INFO][Sync] Stopped: Web Apps
2025-12-10 00:21:48.885: [INFO][Sync] Stopped: History
2025-12-10 00:21:48.885: [INFO][Sync] Stopped: Saved Tab Group
2025-12-10 00:21:48.885: [INFO][Sync] Stopped: WebAuthn Credentials
2025-12-10 00:21:48.885: [INFO][Sync] Stopped: Collection
2025-12-10 00:21:48.885: [INFO][Sync] Stopped: Edge E Drop
2025-12-10 00:21:48.885: [INFO][Sync] Stopped: Edge Hub App Usage
2025-12-10 00:21:48.885: [INFO][Sync] Stopped: Edge Wallet
2025-12-10 00:21:48.885: [INFO][Sync] SyncState after authenticated was: NotSignedIn
2025-12-10 00:21:49.306: [INFO][Sync] Reset engine, reason: 8
2025-12-10 00:21:49.306: [INFO][Sync] Stopped: Bookmarks
2025-12-10 00:21:49.306: [INFO][Sync] Stopped: Preferences
2025-12-10 00:21:49.306: [INFO][Sync] Stopped: Passwords
2025-12-10 00:21:49.306: [INFO][Sync] Stopped: Autofill Profiles
2025-12-10 00:21:49.306: [INFO][Sync] Stopped: Autofill
2025-12-10 00:21:49.306: [INFO][Sync] Stopped: Extensions
2025-12-10 00:21:49.306: [INFO][Sync] Stopped: Sessions
2025-12-10 00:21:49.306: [INFO][Sync] Stopped: Extension settings
2025-12-10 00:21:49.306: [INFO][Sync] Stopped: History Delete Directives
2025-12-10 00:21:49.306: [INFO][Sync] Stopped: Device Info
2025-12-10 00:21:49.306: [INFO][Sync] Stopped: User Consents
2025-12-10 00:21:49.306: [INFO][Sync] Stopped: Send Tab To Self
2025-12-10 00:21:49.306: [INFO][Sync] Stopped: Web Apps
2025-12-10 00:21:49.306: [INFO][Sync] Stopped: History
2025-12-10 00:21:49.306: [INFO][Sync] Stopped: Saved Tab Group
2025-12-10 00:21:49.306: [INFO][Sync] Stopped: WebAuthn Credentials
2025-12-10 00:21:49.306: [INFO][Sync] Stopped: Collection
2025-12-10 00:21:49.306: [INFO][Sync] Stopped: Edge E Drop
2025-12-10 00:21:49.306: [INFO][Sync] Stopped: Edge Hub App Usage
2025-12-10 00:21:49.306: [INFO][Sync] Stopped: Edge Wallet
2025-12-10 00:22:35.619: [INFO][Sync] Reset engine, reason: 0
2025-12-10 00:27:25.437: [INFO][Sync] Reset engine, reason: 8
2025-12-10 00:27:25.437: [INFO][Sync] Stopped: Bookmarks
2025-12-10 00:27:25.437: [INFO][Sync] Stopped: Preferences
2025-12-10 00:27:25.437: [INFO][Sync] Stopped: Passwords
2025-12-10 00:27:25.437: [INFO][Sync] Stopped: Autofill Profiles
2025-12-10 00:27:25.437: [INFO][Sync] Stopped: Autofill
2025-12-10 00:27:25.437: [INFO][Sync] Stopped: Extensions
2025-12-10 00:27:25.437: [INFO][Sync] Stopped: Sessions
2025-12-10 00:27:25.437: [INFO][Sync] Stopped: Extension settings
2025-12-10 00:27:25.437: [INFO][Sync] Stopped: History Delete Directives
2025-12-10 00:27:25.437: [INFO][Sync] Stopped: Device Info
2025-12-10 00:27:25.437: [INFO][Sync] Stopped: User Consents
2025-12-10 00:27:25.437: [INFO][Sync] Stopped: Send Tab To Self
2025-12-10 00:27:25.437: [INFO][Sync] Stopped: Web Apps
2025-12-10 00:27:25.437: [INFO][Sync] Stopped: History
2025-12-10 00:27:25.437: [INFO][Sync] Stopped: Saved Tab Group
2025-12-10 00:27:25.437: [INFO][Sync] Stopped: WebAuthn Credentials
2025-12-10 00:27:25.437: [INFO][Sync] Stopped: Collection
2025-12-10 00:27:25.437: [INFO][Sync] Stopped: Edge E Drop
2025-12-10 00:27:25.437: [INFO][Sync] Stopped: Edge Hub App Usage
2025-12-10 00:27:25.437: [INFO][Sync] Stopped: Edge Wallet
2025-12-10 00:27:25.437: [INFO][Sync] SyncState after authenticated was: NotSignedIn
2025-12-10 00:27:25.649: [INFO][Sync] Reset engine, reason: 8
2025-12-10 00:27:25.649: [INFO][Sync] Stopped: Bookmarks
2025-12-10 00:27:25.649: [INFO][Sync] Stopped: Preferences
2025-12-10 00:27:25.649: [INFO][Sync] Stopped: Passwords
2025-12-10 00:27:25.649: [INFO][Sync] Stopped: Autofill Profiles
2025-12-10 00:27:25.649: [INFO][Sync] Stopped: Autofill
2025-12-10 00:27:25.649: [INFO][Sync] Stopped: Extensions
2025-12-10 00:27:25.649: [INFO][Sync] Stopped: Sessions
2025-12-10 00:27:25.650: [INFO][Sync] Stopped: Extension settings
2025-12-10 00:27:25.650: [INFO][Sync] Stopped: History Delete Directives
2025-12-10 00:27:25.650: [INFO][Sync] Stopped: Device Info
2025-12-10 00:27:25.650: [INFO][Sync] Stopped: User Consents
2025-12-10 00:27:25.650: [INFO][Sync] Stopped: Send Tab To Self
2025-12-10 00:27:25.650: [INFO][Sync] Stopped: Web Apps
2025-12-10 00:27:25.650: [INFO][Sync] Stopped: History
2025-12-10 00:27:25.650: [INFO][Sync] Stopped: Saved Tab Group
2025-12-10 00:27:25.650: [INFO][Sync] Stopped: WebAuthn Credentials
2025-12-10 00:27:25.650: [INFO][Sync] Stopped: Collection
2025-12-10 00:27:25.650: [INFO][Sync] Stopped: Edge E Drop
2025-12-10 00:27:25.650: [INFO][Sync] Stopped: Edge Hub App Usage
2025-12-10 00:27:25.650: [INFO][Sync] Stopped: Edge Wallet
2025-12-10 00:32:29.106: [INFO][Sync] Reset engine, reason: 0
2025-12-10 00:42:01.609: [INFO][Sync] Reset engine, reason: 8
2025-12-10 00:42:01.609: [INFO][Sync] Stopped: Bookmarks
2025-12-10 00:42:01.609: [INFO][Sync] Stopped: Preferences
2025-12-10 00:42:01.610: [INFO][Sync] Stopped: Passwords
2025-12-10 00:42:01.610: [INFO][Sync] Stopped: Autofill Profiles
2025-12-10 00:42:01.610: [INFO][Sync] Stopped: Autofill
2025-12-10 00:42:01.610: [INFO][Sync] Stopped: Extensions
2025-12-10 00:42:01.610: [INFO][Sync] Stopped: Sessions
2025-12-10 00:42:01.610: [INFO][Sync] Stopped: Extension settings
2025-12-10 00:42:01.610: [INFO][Sync] Stopped: History Delete Directives
2025-12-10 00:42:01.610: [INFO][Sync] Stopped: Device Info
2025-12-10 00:42:01.610: [INFO][Sync] Stopped: User Consents
2025-12-10 00:42:01.610: [INFO][Sync] Stopped: Send Tab To Self
2025-12-10 00:42:01.610: [INFO][Sync] Stopped: Web Apps
2025-12-10 00:42:01.610: [INFO][Sync] Stopped: History
2025-12-10 00:42:01.610: [INFO][Sync] Stopped: Saved Tab Group
2025-12-10 00:42:01.610: [INFO][Sync] Stopped: WebAuthn Credentials
2025-12-10 00:42:01.610: [INFO][Sync] Stopped: Collection
2025-12-10 00:42:01.610: [INFO][Sync] Stopped: Edge E Drop
2025-12-10 00:42:01.610: [INFO][Sync] Stopped: Edge Hub App Usage
2025-12-10 00:42:01.610: [INFO][Sync] Stopped: Edge Wallet
2025-12-10 00:42:01.610: [INFO][Sync] SyncState after authenticated was: NotSignedIn
2025-12-10 00:42:01.848: [INFO][Sync] Reset engine, reason: 8
2025-12-10 00:42:01.848: [INFO][Sync] Stopped: Bookmarks
2025-12-10 00:42:01.848: [INFO][Sync] Stopped: Preferences
2025-12-10 00:42:01.848: [INFO][Sync] Stopped: Passwords
2025-12-10 00:42:01.848: [INFO][Sync] Stopped: Autofill Profiles
2025-12-10 00:42:01.848: [INFO][Sync] Stopped: Autofill
2025-12-10 00:42:01.848: [INFO][Sync] Stopped: Extensions
2025-12-10 00:42:01.848: [INFO][Sync] Stopped: Sessions
2025-12-10 00:42:01.848: [INFO][Sync] Stopped: Extension settings
2025-12-10 00:42:01.848: [INFO][Sync] Stopped: History Delete Directives
2025-12-10 00:42:01.848: [INFO][Sync] Stopped: Device Info
2025-12-10 00:42:01.848: [INFO][Sync] Stopped: User Consents
2025-12-10 00:42:01.848: [INFO][Sync] Stopped: Send Tab To Self
2025-12-10 00:42:01.848: [INFO][Sync] Stopped: Web Apps
2025-12-10 00:42:01.848: [INFO][Sync] Stopped: History
2025-12-10 00:42:01.848: [INFO][Sync] Stopped: Saved Tab Group
2025-12-10 00:42:01.848: [INFO][Sync] Stopped: WebAuthn Credentials
2025-12-10 00:42:01.848: [INFO][Sync] Stopped: Collection
2025-12-10 00:42:01.848: [INFO][Sync] Stopped: Edge E Drop
2025-12-10 00:42:01.848: [INFO][Sync] Stopped: Edge Hub App Usage
2025-12-10 00:42:01.848: [INFO][Sync] Stopped: Edge Wallet
2025-12-10 00:43:52.698: [INFO][Sync] Reset engine, reason: 0
2025-12-10 00:45:00.187: [INFO][Sync] Reset engine, reason: 8
2025-12-10 00:45:00.187: [INFO][Sync] Stopped: Bookmarks
2025-12-10 00:45:00.187: [INFO][Sync] Stopped: Preferences
2025-12-10 00:45:00.187: [INFO][Sync] Stopped: Passwords
2025-12-10 00:45:00.187: [INFO][Sync] Stopped: Autofill Profiles
2025-12-10 00:45:00.187: [INFO][Sync] Stopped: Autofill
2025-12-10 00:45:00.187: [INFO][Sync] Stopped: Extensions
2025-12-10 00:45:00.187: [INFO][Sync] Stopped: Sessions
2025-12-10 00:45:00.187: [INFO][Sync] Stopped: Extension settings
2025-12-10 00:45:00.187: [INFO][Sync] Stopped: History Delete Directives
2025-12-10 00:45:00.187: [INFO][Sync] Stopped: Device Info
2025-12-10 00:45:00.187: [INFO][Sync] Stopped: User Consents
2025-12-10 00:45:00.187: [INFO][Sync] Stopped: Send Tab To Self
2025-12-10 00:45:00.187: [INFO][Sync] Stopped: Web Apps
2025-12-10 00:45:00.187: [INFO][Sync] Stopped: History
2025-12-10 00:45:00.187: [INFO][Sync] Stopped: Saved Tab Group
2025-12-10 00:45:00.187: [INFO][Sync] Stopped: WebAuthn Credentials
2025-12-10 00:45:00.187: [INFO][Sync] Stopped: Collection
2025-12-10 00:45:00.187: [INFO][Sync] Stopped: Edge E Drop
2025-12-10 00:45:00.187: [INFO][Sync] Stopped: Edge Hub App Usage
2025-12-10 00:45:00.187: [INFO][Sync] Stopped: Edge Wallet
2025-12-10 00:45:00.187: [INFO][Sync] SyncState after authenticated was: NotSignedIn
2025-12-10 00:45:00.416: [INFO][Sync] Reset engine, reason: 8
2025-12-10 00:45:00.416: [INFO][Sync] Stopped: Bookmarks
2025-12-10 00:45:00.416: [INFO][Sync] Stopped: Preferences
2025-12-10 00:45:00.416: [INFO][Sync] Stopped: Passwords
2025-12-10 00:45:00.416: [INFO][Sync] Stopped: Autofill Profiles
2025-12-10 00:45:00.416: [INFO][Sync] Stopped: Autofill
2025-12-10 00:45:00.416: [INFO][Sync] Stopped: Extensions
2025-12-10 00:45:00.416: [INFO][Sync] Stopped: Sessions
2025-12-10 00:45:00.416: [INFO][Sync] Stopped: Extension settings
2025-12-10 00:45:00.416: [INFO][Sync] Stopped: History Delete Directives
2025-12-10 00:45:00.416: [INFO][Sync] Stopped: Device Info
2025-12-10 00:45:00.416: [INFO][Sync] Stopped: User Consents
2025-12-10 00:45:00.416: [INFO][Sync] Stopped: Send Tab To Self
2025-12-10 00:45:00.416: [INFO][Sync] Stopped: Web Apps
2025-12-10 00:45:00.416: [INFO][Sync] Stopped: History
2025-12-10 00:45:00.416: [INFO][Sync] Stopped: Saved Tab Group
2025-12-10 00:45:00.416: [INFO][Sync] Stopped: WebAuthn Credentials
2025-12-10 00:45:00.416: [INFO][Sync] Stopped: Collection
2025-12-10 00:45:00.416: [INFO][Sync] Stopped: Edge E Drop
2025-12-10 00:45:00.416: [INFO][Sync] Stopped: Edge Hub App Usage
2025-12-10 00:45:00.416: [INFO][Sync] Stopped: Edge Wallet
2025-12-10 00:57:23.133: [INFO][Sync] Reset engine, reason: 0
2025-12-10 01:03:59.534: [INFO][Sync] Reset engine, reason: 8
2025-12-10 01:03:59.534: [INFO][Sync] Stopped: Bookmarks
2025-12-10 01:03:59.534: [INFO][Sync] Stopped: Preferences
2025-12-10 01:03:59.534: [INFO][Sync] Stopped: Passwords
2025-12-10 01:03:59.534: [INFO][Sync] Stopped: Autofill Profiles
2025-12-10 01:03:59.534: [INFO][Sync] Stopped: Autofill
2025-12-10 01:03:59.534: [INFO][Sync] Stopped: Extensions
2025-12-10 01:03:59.534: [INFO][Sync] Stopped: Sessions
2025-12-10 01:03:59.534: [INFO][Sync] Stopped: Extension settings
2025-12-10 01:03:59.534: [INFO][Sync] Stopped: History Delete Directives
2025-12-10 01:03:59.534: [INFO][Sync] Stopped: Device Info
2025-12-10 01:03:59.534: [INFO][Sync] Stopped: User Consents
2025-12-10 01:03:59.534: [INFO][Sync] Stopped: Send Tab To Self
2025-12-10 01:03:59.534: [INFO][Sync] Stopped: Web Apps
2025-12-10 01:03:59.534: [INFO][Sync] Stopped: History
2025-12-10 01:03:59.534: [INFO][Sync] Stopped: Saved Tab Group
2025-12-10 01:03:59.534: [INFO][Sync] Stopped: WebAuthn Credentials
2025-12-10 01:03:59.534: [INFO][Sync] Stopped: Collection
2025-12-10 01:03:59.534: [INFO][Sync] Stopped: Edge E Drop
2025-12-10 01:03:59.534: [INFO][Sync] Stopped: Edge Hub App Usage
2025-12-10 01:03:59.534: [INFO][Sync] Stopped: Edge Wallet
2025-12-10 01:03:59.534: [INFO][Sync] SyncState after authenticated was: NotSignedIn
2025-12-10 01:03:59.731: [INFO][Sync] Reset engine, reason: 8
2025-12-10 01:03:59.731: [INFO][Sync] Stopped: Bookmarks
2025-12-10 01:03:59.731: [INFO][Sync] Stopped: Preferences
2025-12-10 01:03:59.731: [INFO][Sync] Stopped: Passwords
2025-12-10 01:03:59.731: [INFO][Sync] Stopped: Autofill Profiles
2025-12-10 01:03:59.731: [INFO][Sync] Stopped: Autofill
2025-12-10 01:03:59.731: [INFO][Sync] Stopped: Extensions
2025-12-10 01:03:59.731: [INFO][Sync] Stopped: Sessions
2025-12-10 01:03:59.731: [INFO][Sync] Stopped: Extension settings
2025-12-10 01:03:59.731: [INFO][Sync] Stopped: History Delete Directives
2025-12-10 01:03:59.731: [INFO][Sync] Stopped: Device Info
2025-12-10 01:03:59.731: [INFO][Sync] Stopped: User Consents
2025-12-10 01:03:59.731: [INFO][Sync] Stopped: Send Tab To Self
2025-12-10 01:03:59.731: [INFO][Sync] Stopped: Web Apps
2025-12-10 01:03:59.731: [INFO][Sync] Stopped: History
2025-12-10 01:03:59.731: [INFO][Sync] Stopped: Saved Tab Group
2025-12-10 01:03:59.731: [INFO][Sync] Stopped: WebAuthn Credentials
2025-12-10 01:03:59.731: [INFO][Sync] Stopped: Collection
2025-12-10 01:03:59.731: [INFO][Sync] Stopped: Edge E Drop
2025-12-10 01:03:59.731: [INFO][Sync] Stopped: Edge Hub App Usage
2025-12-10 01:03:59.731: [INFO][Sync] Stopped: Edge Wallet
2025-12-10 01:05:36.229: [INFO][Sync] Reset engine, reason: 0
2025-12-10 01:06:05.423: [INFO][Sync] Reset engine, reason: 8
2025-12-10 01:06:05.423: [INFO][Sync] Stopped: Bookmarks
2025-12-10 01:06:05.423: [INFO][Sync] Stopped: Preferences
2025-12-10 01:06:05.423: [INFO][Sync] Stopped: Passwords
2025-12-10 01:06:05.423: [INFO][Sync] Stopped: Autofill Profiles
2025-12-10 01:06:05.423: [INFO][Sync] Stopped: Autofill
2025-12-10 01:06:05.423: [INFO][Sync] Stopped: Extensions
2025-12-10 01:06:05.423: [INFO][Sync] Stopped: Sessions
2025-12-10 01:06:05.423: [INFO][Sync] Stopped: Extension settings
2025-12-10 01:06:05.423: [INFO][Sync] Stopped: History Delete Directives
2025-12-10 01:06:05.423: [INFO][Sync] Stopped: Device Info
2025-12-10 01:06:05.423: [INFO][Sync] Stopped: User Consents
2025-12-10 01:06:05.423: [INFO][Sync] Stopped: Send Tab To Self
2025-12-10 01:06:05.423: [INFO][Sync] Stopped: Web Apps
2025-12-10 01:06:05.423: [INFO][Sync] Stopped: History
2025-12-10 01:06:05.423: [INFO][Sync] Stopped: Saved Tab Group
2025-12-10 01:06:05.423: [INFO][Sync] Stopped: WebAuthn Credentials
2025-12-10 01:06:05.423: [INFO][Sync] Stopped: Collection
2025-12-10 01:06:05.423: [INFO][Sync] Stopped: Edge E Drop
2025-12-10 01:06:05.423: [INFO][Sync] Stopped: Edge Hub App Usage
2025-12-10 01:06:05.423: [INFO][Sync] Stopped: Edge Wallet
2025-12-10 01:06:05.423: [INFO][Sync] SyncState after authenticated was: NotSignedIn
2025-12-10 01:06:05.658: [INFO][Sync] Reset engine, reason: 8
2025-12-10 01:06:05.658: [INFO][Sync] Stopped: Bookmarks
2025-12-10 01:06:05.658: [INFO][Sync] Stopped: Preferences
2025-12-10 01:06:05.658: [INFO][Sync] Stopped: Passwords
2025-12-10 01:06:05.658: [INFO][Sync] Stopped: Autofill Profiles
2025-12-10 01:06:05.658: [INFO][Sync] Stopped: Autofill
2025-12-10 01:06:05.658: [INFO][Sync] Stopped: Extensions
2025-12-10 01:06:05.658: [INFO][Sync] Stopped: Sessions
2025-12-10 01:06:05.658: [INFO][Sync] Stopped: Extension settings
2025-12-10 01:06:05.658: [INFO][Sync] Stopped: History Delete Directives
2025-12-10 01:06:05.658: [INFO][Sync] Stopped: Device Info
2025-12-10 01:06:05.658: [INFO][Sync] Stopped: User Consents
2025-12-10 01:06:05.658: [INFO][Sync] Stopped: Send Tab To Self
2025-12-10 01:06:05.658: [INFO][Sync] Stopped: Web Apps
2025-12-10 01:06:05.658: [INFO][Sync] Stopped: History
2025-12-10 01:06:05.658: [INFO][Sync] Stopped: Saved Tab Group
2025-12-10 01:06:05.658: [INFO][Sync] Stopped: WebAuthn Credentials
2025-12-10 01:06:05.658: [INFO][Sync] Stopped: Collection
2025-12-10 01:06:05.658: [INFO][Sync] Stopped: Edge E Drop
2025-12-10 01:06:05.658: [INFO][Sync] Stopped: Edge Hub App Usage
2025-12-10 01:06:05.658: [INFO][Sync] Stopped: Edge Wallet
2025-12-10 01:07:41.513: [INFO][Sync] Reset engine, reason: 0
2025-12-10 01:08:09.343: [INFO][Sync] Reset engine, reason: 8
2025-12-10 01:08:09.343: [INFO][Sync] Stopped: Bookmarks
2025-12-10 01:08:09.343: [INFO][Sync] Stopped: Preferences
2025-12-10 01:08:09.343: [INFO][Sync] Stopped: Passwords
2025-12-10 01:08:09.343: [INFO][Sync] Stopped: Autofill Profiles
2025-12-10 01:08:09.343: [INFO][Sync] Stopped: Autofill
2025-12-10 01:08:09.343: [INFO][Sync] Stopped: Extensions
2025-12-10 01:08:09.343: [INFO][Sync] Stopped: Sessions
2025-12-10 01:08:09.343: [INFO][Sync] Stopped: Extension settings
2025-12-10 01:08:09.343: [INFO][Sync] Stopped: History Delete Directives
2025-12-10 01:08:09.343: [INFO][Sync] Stopped: Device Info
2025-12-10 01:08:09.343: [INFO][Sync] Stopped: User Consents
2025-12-10 01:08:09.343: [INFO][Sync] Stopped: Send Tab To Self
2025-12-10 01:08:09.343: [INFO][Sync] Stopped: Web Apps
2025-12-10 01:08:09.343: [INFO][Sync] Stopped: History
2025-12-10 01:08:09.343: [INFO][Sync] Stopped: Saved Tab Group
2025-12-10 01:08:09.343: [INFO][Sync] Stopped: WebAuthn Credentials
2025-12-10 01:08:09.343: [INFO][Sync] Stopped: Collection
2025-12-10 01:08:09.343: [INFO][Sync] Stopped: Edge E Drop
2025-12-10 01:08:09.343: [INFO][Sync] Stopped: Edge Hub App Usage
2025-12-10 01:08:09.343: [INFO][Sync] Stopped: Edge Wallet
2025-12-10 01:08:09.343: [INFO][Sync] SyncState after authenticated was: NotSignedIn
2025-12-10 01:08:09.572: [INFO][Sync] Reset engine, reason: 8
2025-12-10 01:08:09.572: [INFO][Sync] Stopped: Bookmarks
2025-12-10 01:08:09.572: [INFO][Sync] Stopped: Preferences
2025-12-10 01:08:09.572: [INFO][Sync] Stopped: Passwords
2025-12-10 01:08:09.572: [INFO][Sync] Stopped: Autofill Profiles
2025-12-10 01:08:09.572: [INFO][Sync] Stopped: Autofill
2025-12-10 01:08:09.572: [INFO][Sync] Stopped: Extensions
2025-12-10 01:08:09.572: [INFO][Sync] Stopped: Sessions
2025-12-10 01:08:09.572: [INFO][Sync] Stopped: Extension settings
2025-12-10 01:08:09.572: [INFO][Sync] Stopped: History Delete Directives
2025-12-10 01:08:09.572: [INFO][Sync] Stopped: Device Info
2025-12-10 01:08:09.572: [INFO][Sync] Stopped: User Consents
2025-12-10 01:08:09.572: [INFO][Sync] Stopped: Send Tab To Self
2025-12-10 01:08:09.572: [INFO][Sync] Stopped: Web Apps
2025-12-10 01:08:09.572: [INFO][Sync] Stopped: History
2025-12-10 01:08:09.572: [INFO][Sync] Stopped: Saved Tab Group
2025-12-10 01:08:09.572: [INFO][Sync] Stopped: WebAuthn Credentials
2025-12-10 01:08:09.572: [INFO][Sync] Stopped: Collection
2025-12-10 01:08:09.572: [INFO][Sync] Stopped: Edge E Drop
2025-12-10 01:08:09.572: [INFO][Sync] Stopped: Edge Hub App Usage
2025-12-10 01:08:09.572: [INFO][Sync] Stopped: Edge Wallet
2025-12-10 01:15:19.455: [INFO][Sync] Reset engine, reason: 0
2025-12-10 01:17:46.115: [INFO][Sync] Reset engine, reason: 8
2025-12-10 01:17:46.115: [INFO][Sync] Stopped: Bookmarks
2025-12-10 01:17:46.115: [INFO][Sync] Stopped: Preferences
2025-12-10 01:17:46.115: [INFO][Sync] Stopped: Passwords
2025-12-10 01:17:46.115: [INFO][Sync] Stopped: Autofill Profiles
2025-12-10 01:17:46.115: [INFO][Sync] Stopped: Autofill
2025-12-10 01:17:46.115: [INFO][Sync] Stopped: Extensions
2025-12-10 01:17:46.115: [INFO][Sync] Stopped: Sessions
2025-12-10 01:17:46.115: [INFO][Sync] Stopped: Extension settings
2025-12-10 01:17:46.115: [INFO][Sync] Stopped: History Delete Directives
2025-12-10 01:17:46.115: [INFO][Sync] Stopped: Device Info
2025-12-10 01:17:46.115: [INFO][Sync] Stopped: User Consents
2025-12-10 01:17:46.115: [INFO][Sync] Stopped: Send Tab To Self
2025-12-10 01:17:46.115: [INFO][Sync] Stopped: Web Apps
2025-12-10 01:17:46.115: [INFO][Sync] Stopped: History
2025-12-10 01:17:46.115: [INFO][Sync] Stopped: Saved Tab Group
2025-12-10 01:17:46.115: [INFO][Sync] Stopped: WebAuthn Credentials
2025-12-10 01:17:46.115: [INFO][Sync] Stopped: Collection
2025-12-10 01:17:46.115: [INFO][Sync] Stopped: Edge E Drop
2025-12-10 01:17:46.115: [INFO][Sync] Stopped: Edge Hub App Usage
2025-12-10 01:17:46.115: [INFO][Sync] Stopped: Edge Wallet
2025-12-10 01:17:46.115: [INFO][Sync] SyncState after authenticated was: NotSignedIn
2025-12-10 01:17:46.339: [INFO][Sync] Reset engine, reason: 8
2025-12-10 01:17:46.339: [INFO][Sync] Stopped: Bookmarks
2025-12-10 01:17:46.339: [INFO][Sync] Stopped: Preferences
2025-12-10 01:17:46.339: [INFO][Sync] Stopped: Passwords
2025-12-10 01:17:46.339: [INFO][Sync] Stopped: Autofill Profiles
2025-12-10 01:17:46.339: [INFO][Sync] Stopped: Autofill
2025-12-10 01:17:46.339: [INFO][Sync] Stopped: Extensions
2025-12-10 01:17:46.339: [INFO][Sync] Stopped: Sessions
2025-12-10 01:17:46.339: [INFO][Sync] Stopped: Extension settings
2025-12-10 01:17:46.339: [INFO][Sync] Stopped: History Delete Directives
2025-12-10 01:17:46.339: [INFO][Sync] Stopped: Device Info
2025-12-10 01:17:46.339: [INFO][Sync] Stopped: User Consents
2025-12-10 01:17:46.339: [INFO][Sync] Stopped: Send Tab To Self
2025-12-10 01:17:46.339: [INFO][Sync] Stopped: Web Apps
2025-12-10 01:17:46.339: [INFO][Sync] Stopped: History
2025-12-10 01:17:46.339: [INFO][Sync] Stopped: Saved Tab Group
2025-12-10 01:17:46.339: [INFO][Sync] Stopped: WebAuthn Credentials
2025-12-10 01:17:46.339: [INFO][Sync] Stopped: Collection
2025-12-10 01:17:46.339: [INFO][Sync] Stopped: Edge E Drop
2025-12-10 01:17:46.339: [INFO][Sync] Stopped: Edge Hub App Usage
2025-12-10 01:17:46.339: [INFO][Sync] Stopped: Edge Wallet
2025-12-10 01:20:39.979: [INFO][Sync] Reset engine, reason: 0
2025-12-10 01:22:43.247: [INFO][Sync] Reset engine, reason: 8
2025-12-10 01:22:43.247: [INFO][Sync] Stopped: Bookmarks
2025-12-10 01:22:43.247: [INFO][Sync] Stopped: Preferences
2025-12-10 01:22:43.247: [INFO][Sync] Stopped: Passwords
2025-12-10 01:22:43.247: [INFO][Sync] Stopped: Autofill Profiles
2025-12-10 01:22:43.247: [INFO][Sync] Stopped: Autofill
2025-12-10 01:22:43.247: [INFO][Sync] Stopped: Extensions
2025-12-10 01:22:43.247: [INFO][Sync] Stopped: Sessions
2025-12-10 01:22:43.247: [INFO][Sync] Stopped: Extension settings
2025-12-10 01:22:43.247: [INFO][Sync] Stopped: History Delete Directives
2025-12-10 01:22:43.247: [INFO][Sync] Stopped: Device Info
2025-12-10 01:22:43.247: [INFO][Sync] Stopped: User Consents
2025-12-10 01:22:43.247: [INFO][Sync] Stopped: Send Tab To Self
2025-12-10 01:22:43.247: [INFO][Sync] Stopped: Web Apps
2025-12-10 01:22:43.247: [INFO][Sync] Stopped: History
2025-12-10 01:22:43.247: [INFO][Sync] Stopped: Saved Tab Group
2025-12-10 01:22:43.247: [INFO][Sync] Stopped: WebAuthn Credentials
2025-12-10 01:22:43.247: [INFO][Sync] Stopped: Collection
2025-12-10 01:22:43.247: [INFO][Sync] Stopped: Edge E Drop
2025-12-10 01:22:43.247: [INFO][Sync] Stopped: Edge Hub App Usage
2025-12-10 01:22:43.247: [INFO][Sync] Stopped: Edge Wallet
2025-12-10 01:22:43.247: [INFO][Sync] SyncState after authenticated was: NotSignedIn
2025-12-10 01:22:43.482: [INFO][Sync] Reset engine, reason: 8
2025-12-10 01:22:43.482: [INFO][Sync] Stopped: Bookmarks
2025-12-10 01:22:43.482: [INFO][Sync] Stopped: Preferences
2025-12-10 01:22:43.482: [INFO][Sync] Stopped: Passwords
2025-12-10 01:22:43.482: [INFO][Sync] Stopped: Autofill Profiles
2025-12-10 01:22:43.482: [INFO][Sync] Stopped: Autofill
2025-12-10 01:22:43.482: [INFO][Sync] Stopped: Extensions
2025-12-10 01:22:43.482: [INFO][Sync] Stopped: Sessions
2025-12-10 01:22:43.482: [INFO][Sync] Stopped: Extension settings
2025-12-10 01:22:43.482: [INFO][Sync] Stopped: History Delete Directives
2025-12-10 01:22:43.482: [INFO][Sync] Stopped: Device Info
2025-12-10 01:22:43.482: [INFO][Sync] Stopped: User Consents
2025-12-10 01:22:43.482: [INFO][Sync] Stopped: Send Tab To Self
2025-12-10 01:22:43.482: [INFO][Sync] Stopped: Web Apps
2025-12-10 01:22:43.482: [INFO][Sync] Stopped: History
2025-12-10 01:22:43.482: [INFO][Sync] Stopped: Saved Tab Group
2025-12-10 01:22:43.482: [INFO][Sync] Stopped: WebAuthn Credentials
2025-12-10 01:22:43.482: [INFO][Sync] Stopped: Collection
2025-12-10 01:22:43.482: [INFO][Sync] Stopped: Edge E Drop
2025-12-10 01:22:43.482: [INFO][Sync] Stopped: Edge Hub App Usage
2025-12-10 01:22:43.482: [INFO][Sync] Stopped: Edge Wallet
2025-12-10 01:39:19.582: [INFO][Sync] Reset engine, reason: 0
